\BOOKMARK [1][-]{section.1}{Introduction }{}% 1
\BOOKMARK [1][-]{section.2}{Results }{}% 2
\BOOKMARK [2][-]{subsection.2.1}{Changes in rate and temporal coding under Cannabinoids}{section.2}% 3
\BOOKMARK [2][-]{subsection.2.2}{Systems Analysis}{section.2}% 4
\BOOKMARK [2][-]{subsection.2.3}{PDM Analysis}{section.2}% 5
\BOOKMARK [1][-]{section.3}{Discussion }{}% 6
\BOOKMARK [1][-]{section.4}{Methods }{}% 7
\BOOKMARK [2][-]{subsection.4.1}{Experimental Procedures }{section.4}% 8
\BOOKMARK [2][-]{subsection.4.2}{Model Configuration and Estimation}{section.4}% 9
\BOOKMARK [2][-]{subsection.4.3}{Principal Dynamic Modes }{section.4}% 10
\BOOKMARK [1][-]{appendix.A}{Supplementary Methods }{}% 11
\BOOKMARK [2][-]{subsection.A.1}{Animals}{appendix.A}% 12
\BOOKMARK [2][-]{subsection.A.2}{Apparatus}{appendix.A}% 13
\BOOKMARK [2][-]{subsection.A.3}{DNMS Task}{appendix.A}% 14
\BOOKMARK [2][-]{subsection.A.4}{Drug Preparation \046 Administration}{appendix.A}% 15
\BOOKMARK [2][-]{subsection.A.5}{Surgery}{appendix.A}% 16
\BOOKMARK [2][-]{subsection.A.6}{Electrophysiological Monitoring \046 Preprocessing}{appendix.A}% 17
\BOOKMARK [2][-]{subsection.A.7}{Sample-Response Cell Identification}{appendix.A}% 18
\BOOKMARK [2][-]{subsection.A.8}{Laguerre Expansion Technique}{appendix.A}% 19
\BOOKMARK [2][-]{subsection.A.9}{Model Selection}{appendix.A}% 20
\BOOKMARK [2][-]{subsection.A.10}{Model Validation}{appendix.A}% 21
\BOOKMARK [2][-]{subsection.A.11}{Statistical Analysis}{appendix.A}% 22
\BOOKMARK [1][-]{appendix.B}{Supplementary Figures }{}% 23
